# CUDA_PROFILE_LOG_VERSION 2.0
# CUDA_DEVICE 0 Tesla M2090
# CUDA_CONTEXT 1
# TIMESTAMPFACTOR 14ec5571f6b3e30b
method,gputime,cputime,occupancy
method=[ memset128 ] gputime=[ 4170.048 ] cputime=[ 11.000 ] occupancy=[ 0.333 ] 
method=[ memset128 ] gputime=[ 4153.248 ] cputime=[ 4.000 ] occupancy=[ 0.333 ] 
method=[ memcpyHtoD ] gputime=[ 130455.648 ] cputime=[ 136164.984 ] 
method=[ memcpyHtoD ] gputime=[ 1.504 ] cputime=[ 5.000 ] 
method=[ _Z20inject_source_kernelPffi ] gputime=[ 3.776 ] cputime=[ 11.000 ] occupancy=[ 0.167 ] 
method=[ _Z11fd3d_kernelPfS_iiifffS_ ] gputime=[ 82488.898 ] cputime=[ 5.000 ] occupancy=[ 0.333 ] 
method=[ _Z20inject_source_kernelPffi ] gputime=[ 1.536 ] cputime=[ 4.000 ] occupancy=[ 0.167 ] 
method=[ _Z11fd3d_kernelPfS_iiifffS_ ] gputime=[ 82797.250 ] cputime=[ 4.000 ] occupancy=[ 0.333 ] 
method=[ _Z20inject_source_kernelPffi ] gputime=[ 1.728 ] cputime=[ 4.000 ] occupancy=[ 0.167 ] 
method=[ _Z11fd3d_kernelPfS_iiifffS_ ] gputime=[ 82174.398 ] cputime=[ 4.000 ] occupancy=[ 0.333 ] 
method=[ _Z20inject_source_kernelPffi ] gputime=[ 1.696 ] cputime=[ 3.000 ] occupancy=[ 0.167 ] 
method=[ _Z11fd3d_kernelPfS_iiifffS_ ] gputime=[ 82718.594 ] cputime=[ 3.000 ] occupancy=[ 0.333 ] 
method=[ _Z20inject_source_kernelPffi ] gputime=[ 1.728 ] cputime=[ 3.000 ] occupancy=[ 0.167 ] 
method=[ _Z11fd3d_kernelPfS_iiifffS_ ] gputime=[ 82941.539 ] cputime=[ 3.000 ] occupancy=[ 0.333 ] 
method=[ _Z20inject_source_kernelPffi ] gputime=[ 1.696 ] cputime=[ 4.000 ] occupancy=[ 0.167 ] 
method=[ _Z11fd3d_kernelPfS_iiifffS_ ] gputime=[ 82978.109 ] cputime=[ 4.000 ] occupancy=[ 0.333 ] 
method=[ _Z20inject_source_kernelPffi ] gputime=[ 1.696 ] cputime=[ 3.000 ] occupancy=[ 0.167 ] 
method=[ _Z11fd3d_kernelPfS_iiifffS_ ] gputime=[ 82106.336 ] cputime=[ 3.000 ] occupancy=[ 0.333 ] 
method=[ _Z20inject_source_kernelPffi ] gputime=[ 1.728 ] cputime=[ 3.000 ] occupancy=[ 0.167 ] 
method=[ _Z11fd3d_kernelPfS_iiifffS_ ] gputime=[ 82653.789 ] cputime=[ 3.000 ] occupancy=[ 0.333 ] 
method=[ _Z20inject_source_kernelPffi ] gputime=[ 1.728 ] cputime=[ 3.000 ] occupancy=[ 0.167 ] 
method=[ _Z11fd3d_kernelPfS_iiifffS_ ] gputime=[ 83018.719 ] cputime=[ 3.000 ] occupancy=[ 0.333 ] 
method=[ _Z20inject_source_kernelPffi ] gputime=[ 1.536 ] cputime=[ 3.000 ] occupancy=[ 0.167 ] 
method=[ _Z11fd3d_kernelPfS_iiifffS_ ] gputime=[ 83167.359 ] cputime=[ 3.000 ] occupancy=[ 0.333 ] 
method=[ _Z20inject_source_kernelPffi ] gputime=[ 1.504 ] cputime=[ 5.000 ] occupancy=[ 0.167 ] 
method=[ _Z11fd3d_kernelPfS_iiifffS_ ] gputime=[ 82375.172 ] cputime=[ 5.000 ] occupancy=[ 0.333 ] 
method=[ _Z20inject_source_kernelPffi ] gputime=[ 1.568 ] cputime=[ 4.000 ] occupancy=[ 0.167 ] 
method=[ _Z11fd3d_kernelPfS_iiifffS_ ] gputime=[ 82600.828 ] cputime=[ 5.000 ] occupancy=[ 0.333 ] 
method=[ _Z20inject_source_kernelPffi ] gputime=[ 1.632 ] cputime=[ 5.000 ] occupancy=[ 0.167 ] 
method=[ _Z11fd3d_kernelPfS_iiifffS_ ] gputime=[ 82837.891 ] cputime=[ 5.000 ] occupancy=[ 0.333 ] 
method=[ _Z20inject_source_kernelPffi ] gputime=[ 1.600 ] cputime=[ 3.000 ] occupancy=[ 0.167 ] 
method=[ _Z11fd3d_kernelPfS_iiifffS_ ] gputime=[ 82386.914 ] cputime=[ 3.000 ] occupancy=[ 0.333 ] 
method=[ _Z20inject_source_kernelPffi ] gputime=[ 1.600 ] cputime=[ 3.000 ] occupancy=[ 0.167 ] 
method=[ _Z11fd3d_kernelPfS_iiifffS_ ] gputime=[ 82297.820 ] cputime=[ 3.000 ] occupancy=[ 0.333 ] 
method=[ _Z20inject_source_kernelPffi ] gputime=[ 1.792 ] cputime=[ 2.000 ] occupancy=[ 0.167 ] 
method=[ _Z11fd3d_kernelPfS_iiifffS_ ] gputime=[ 82630.305 ] cputime=[ 3.000 ] occupancy=[ 0.333 ] 
method=[ _Z20inject_source_kernelPffi ] gputime=[ 1.728 ] cputime=[ 3.000 ] occupancy=[ 0.167 ] 
method=[ _Z11fd3d_kernelPfS_iiifffS_ ] gputime=[ 83134.812 ] cputime=[ 3.000 ] occupancy=[ 0.333 ] 
method=[ _Z20inject_source_kernelPffi ] gputime=[ 1.696 ] cputime=[ 2.000 ] occupancy=[ 0.167 ] 
method=[ _Z11fd3d_kernelPfS_iiifffS_ ] gputime=[ 82685.219 ] cputime=[ 3.000 ] occupancy=[ 0.333 ] 
method=[ _Z20inject_source_kernelPffi ] gputime=[ 1.696 ] cputime=[ 3.000 ] occupancy=[ 0.167 ] 
method=[ _Z11fd3d_kernelPfS_iiifffS_ ] gputime=[ 82213.570 ] cputime=[ 3.000 ] occupancy=[ 0.333 ] 
method=[ _Z20inject_source_kernelPffi ] gputime=[ 1.696 ] cputime=[ 3.000 ] occupancy=[ 0.167 ] 
method=[ _Z11fd3d_kernelPfS_iiifffS_ ] gputime=[ 82435.008 ] cputime=[ 3.000 ] occupancy=[ 0.333 ] 
method=[ _Z20inject_source_kernelPffi ] gputime=[ 1.696 ] cputime=[ 5.000 ] occupancy=[ 0.167 ] 
method=[ _Z11fd3d_kernelPfS_iiifffS_ ] gputime=[ 82519.711 ] cputime=[ 5.000 ] occupancy=[ 0.333 ] 
method=[ _Z20inject_source_kernelPffi ] gputime=[ 1.696 ] cputime=[ 5.000 ] occupancy=[ 0.167 ] 
method=[ _Z11fd3d_kernelPfS_iiifffS_ ] gputime=[ 82907.617 ] cputime=[ 5.000 ] occupancy=[ 0.333 ] 
method=[ _Z20inject_source_kernelPffi ] gputime=[ 1.696 ] cputime=[ 4.000 ] occupancy=[ 0.167 ] 
method=[ _Z11fd3d_kernelPfS_iiifffS_ ] gputime=[ 82821.695 ] cputime=[ 5.000 ] occupancy=[ 0.333 ] 
method=[ _Z20inject_source_kernelPffi ] gputime=[ 1.696 ] cputime=[ 4.000 ] occupancy=[ 0.167 ] 
method=[ _Z11fd3d_kernelPfS_iiifffS_ ] gputime=[ 82759.617 ] cputime=[ 4.000 ] occupancy=[ 0.333 ] 
method=[ _Z20inject_source_kernelPffi ] gputime=[ 1.728 ] cputime=[ 2.000 ] occupancy=[ 0.167 ] 
method=[ _Z11fd3d_kernelPfS_iiifffS_ ] gputime=[ 82577.188 ] cputime=[ 2.000 ] occupancy=[ 0.333 ] 
method=[ _Z20inject_source_kernelPffi ] gputime=[ 1.536 ] cputime=[ 3.000 ] occupancy=[ 0.167 ] 
method=[ _Z11fd3d_kernelPfS_iiifffS_ ] gputime=[ 82684.734 ] cputime=[ 3.000 ] occupancy=[ 0.333 ] 
method=[ _Z20inject_source_kernelPffi ] gputime=[ 1.536 ] cputime=[ 3.000 ] occupancy=[ 0.167 ] 
method=[ _Z11fd3d_kernelPfS_iiifffS_ ] gputime=[ 82669.664 ] cputime=[ 3.000 ] occupancy=[ 0.333 ] 
method=[ _Z20inject_source_kernelPffi ] gputime=[ 1.504 ] cputime=[ 3.000 ] occupancy=[ 0.167 ] 
method=[ _Z11fd3d_kernelPfS_iiifffS_ ] gputime=[ 82984.320 ] cputime=[ 4.000 ] occupancy=[ 0.333 ] 
method=[ _Z20inject_source_kernelPffi ] gputime=[ 1.600 ] cputime=[ 3.000 ] occupancy=[ 0.167 ] 
method=[ _Z11fd3d_kernelPfS_iiifffS_ ] gputime=[ 83256.797 ] cputime=[ 3.000 ] occupancy=[ 0.333 ] 
method=[ _Z20inject_source_kernelPffi ] gputime=[ 1.600 ] cputime=[ 5.000 ] occupancy=[ 0.167 ] 
method=[ _Z11fd3d_kernelPfS_iiifffS_ ] gputime=[ 82473.250 ] cputime=[ 3.000 ] occupancy=[ 0.333 ] 
method=[ _Z20inject_source_kernelPffi ] gputime=[ 1.504 ] cputime=[ 6.000 ] occupancy=[ 0.167 ] 
method=[ _Z11fd3d_kernelPfS_iiifffS_ ] gputime=[ 82699.938 ] cputime=[ 5.000 ] occupancy=[ 0.333 ] 
method=[ _Z20inject_source_kernelPffi ] gputime=[ 1.696 ] cputime=[ 5.000 ] occupancy=[ 0.167 ] 
method=[ _Z11fd3d_kernelPfS_iiifffS_ ] gputime=[ 82457.695 ] cputime=[ 5.000 ] occupancy=[ 0.333 ] 
method=[ _Z20inject_source_kernelPffi ] gputime=[ 1.728 ] cputime=[ 5.000 ] occupancy=[ 0.167 ] 
method=[ _Z11fd3d_kernelPfS_iiifffS_ ] gputime=[ 83305.375 ] cputime=[ 5.000 ] occupancy=[ 0.333 ] 
method=[ _Z20inject_source_kernelPffi ] gputime=[ 1.696 ] cputime=[ 3.000 ] occupancy=[ 0.167 ] 
method=[ _Z11fd3d_kernelPfS_iiifffS_ ] gputime=[ 82615.555 ] cputime=[ 3.000 ] occupancy=[ 0.333 ] 
method=[ _Z20inject_source_kernelPffi ] gputime=[ 1.728 ] cputime=[ 3.000 ] occupancy=[ 0.167 ] 
method=[ _Z11fd3d_kernelPfS_iiifffS_ ] gputime=[ 83024.797 ] cputime=[ 3.000 ] occupancy=[ 0.333 ] 
method=[ _Z20inject_source_kernelPffi ] gputime=[ 1.728 ] cputime=[ 4.000 ] occupancy=[ 0.167 ] 
method=[ _Z11fd3d_kernelPfS_iiifffS_ ] gputime=[ 83017.055 ] cputime=[ 3.000 ] occupancy=[ 0.333 ] 
method=[ _Z20inject_source_kernelPffi ] gputime=[ 1.696 ] cputime=[ 2.000 ] occupancy=[ 0.167 ] 
method=[ _Z11fd3d_kernelPfS_iiifffS_ ] gputime=[ 82860.062 ] cputime=[ 3.000 ] occupancy=[ 0.333 ] 
method=[ _Z20inject_source_kernelPffi ] gputime=[ 1.696 ] cputime=[ 3.000 ] occupancy=[ 0.167 ] 
method=[ _Z11fd3d_kernelPfS_iiifffS_ ] gputime=[ 82611.359 ] cputime=[ 3.000 ] occupancy=[ 0.333 ] 
method=[ _Z20inject_source_kernelPffi ] gputime=[ 1.696 ] cputime=[ 3.000 ] occupancy=[ 0.167 ] 
method=[ _Z11fd3d_kernelPfS_iiifffS_ ] gputime=[ 82785.148 ] cputime=[ 3.000 ] occupancy=[ 0.333 ] 
method=[ _Z20inject_source_kernelPffi ] gputime=[ 1.728 ] cputime=[ 2.000 ] occupancy=[ 0.167 ] 
method=[ _Z11fd3d_kernelPfS_iiifffS_ ] gputime=[ 82888.414 ] cputime=[ 3.000 ] occupancy=[ 0.333 ] 
method=[ _Z20inject_source_kernelPffi ] gputime=[ 1.728 ] cputime=[ 5.000 ] occupancy=[ 0.167 ] 
method=[ _Z11fd3d_kernelPfS_iiifffS_ ] gputime=[ 82879.102 ] cputime=[ 5.000 ] occupancy=[ 0.333 ] 
method=[ _Z20inject_source_kernelPffi ] gputime=[ 1.504 ] cputime=[ 4.000 ] occupancy=[ 0.167 ] 
method=[ _Z11fd3d_kernelPfS_iiifffS_ ] gputime=[ 83033.344 ] cputime=[ 6.000 ] occupancy=[ 0.333 ] 
method=[ _Z20inject_source_kernelPffi ] gputime=[ 1.504 ] cputime=[ 4.000 ] occupancy=[ 0.167 ] 
method=[ _Z11fd3d_kernelPfS_iiifffS_ ] gputime=[ 82530.883 ] cputime=[ 5.000 ] occupancy=[ 0.333 ] 
method=[ _Z20inject_source_kernelPffi ] gputime=[ 1.568 ] cputime=[ 3.000 ] occupancy=[ 0.167 ] 
method=[ _Z11fd3d_kernelPfS_iiifffS_ ] gputime=[ 82848.898 ] cputime=[ 3.000 ] occupancy=[ 0.333 ] 
method=[ _Z20inject_source_kernelPffi ] gputime=[ 1.568 ] cputime=[ 3.000 ] occupancy=[ 0.167 ] 
method=[ _Z11fd3d_kernelPfS_iiifffS_ ] gputime=[ 82569.891 ] cputime=[ 3.000 ] occupancy=[ 0.333 ] 
method=[ _Z20inject_source_kernelPffi ] gputime=[ 1.632 ] cputime=[ 3.000 ] occupancy=[ 0.167 ] 
method=[ _Z11fd3d_kernelPfS_iiifffS_ ] gputime=[ 82684.156 ] cputime=[ 3.000 ] occupancy=[ 0.333 ] 
method=[ _Z20inject_source_kernelPffi ] gputime=[ 1.600 ] cputime=[ 3.000 ] occupancy=[ 0.167 ] 
method=[ _Z11fd3d_kernelPfS_iiifffS_ ] gputime=[ 82488.195 ] cputime=[ 2.000 ] occupancy=[ 0.333 ] 
method=[ _Z20inject_source_kernelPffi ] gputime=[ 1.696 ] cputime=[ 3.000 ] occupancy=[ 0.167 ] 
method=[ _Z11fd3d_kernelPfS_iiifffS_ ] gputime=[ 82989.984 ] cputime=[ 3.000 ] occupancy=[ 0.333 ] 
method=[ _Z20inject_source_kernelPffi ] gputime=[ 1.696 ] cputime=[ 2.000 ] occupancy=[ 0.167 ] 
method=[ _Z11fd3d_kernelPfS_iiifffS_ ] gputime=[ 82276.445 ] cputime=[ 3.000 ] occupancy=[ 0.333 ] 
method=[ _Z20inject_source_kernelPffi ] gputime=[ 1.696 ] cputime=[ 3.000 ] occupancy=[ 0.167 ] 
method=[ _Z11fd3d_kernelPfS_iiifffS_ ] gputime=[ 83026.047 ] cputime=[ 3.000 ] occupancy=[ 0.333 ] 
method=[ _Z20inject_source_kernelPffi ] gputime=[ 1.696 ] cputime=[ 5.000 ] occupancy=[ 0.167 ] 
method=[ _Z11fd3d_kernelPfS_iiifffS_ ] gputime=[ 82582.688 ] cputime=[ 5.000 ] occupancy=[ 0.333 ] 
method=[ _Z20inject_source_kernelPffi ] gputime=[ 1.696 ] cputime=[ 4.000 ] occupancy=[ 0.167 ] 
method=[ _Z11fd3d_kernelPfS_iiifffS_ ] gputime=[ 83076.031 ] cputime=[ 5.000 ] occupancy=[ 0.333 ] 
method=[ _Z20inject_source_kernelPffi ] gputime=[ 1.696 ] cputime=[ 5.000 ] occupancy=[ 0.167 ] 
method=[ _Z11fd3d_kernelPfS_iiifffS_ ] gputime=[ 82552.195 ] cputime=[ 4.000 ] occupancy=[ 0.333 ] 
method=[ _Z20inject_source_kernelPffi ] gputime=[ 1.696 ] cputime=[ 3.000 ] occupancy=[ 0.167 ] 
method=[ _Z11fd3d_kernelPfS_iiifffS_ ] gputime=[ 82558.625 ] cputime=[ 3.000 ] occupancy=[ 0.333 ] 
method=[ _Z20inject_source_kernelPffi ] gputime=[ 1.696 ] cputime=[ 3.000 ] occupancy=[ 0.167 ] 
method=[ _Z11fd3d_kernelPfS_iiifffS_ ] gputime=[ 82934.594 ] cputime=[ 3.000 ] occupancy=[ 0.333 ] 
method=[ _Z20inject_source_kernelPffi ] gputime=[ 1.696 ] cputime=[ 3.000 ] occupancy=[ 0.167 ] 
method=[ _Z11fd3d_kernelPfS_iiifffS_ ] gputime=[ 82812.000 ] cputime=[ 3.000 ] occupancy=[ 0.333 ] 
method=[ _Z20inject_source_kernelPffi ] gputime=[ 1.696 ] cputime=[ 3.000 ] occupancy=[ 0.167 ] 
method=[ _Z11fd3d_kernelPfS_iiifffS_ ] gputime=[ 83076.094 ] cputime=[ 3.000 ] occupancy=[ 0.333 ] 
method=[ _Z20inject_source_kernelPffi ] gputime=[ 1.536 ] cputime=[ 3.000 ] occupancy=[ 0.167 ] 
method=[ _Z11fd3d_kernelPfS_iiifffS_ ] gputime=[ 82658.852 ] cputime=[ 3.000 ] occupancy=[ 0.333 ] 
method=[ _Z20inject_source_kernelPffi ] gputime=[ 1.536 ] cputime=[ 3.000 ] occupancy=[ 0.167 ] 
method=[ _Z11fd3d_kernelPfS_iiifffS_ ] gputime=[ 83225.820 ] cputime=[ 3.000 ] occupancy=[ 0.333 ] 
method=[ _Z20inject_source_kernelPffi ] gputime=[ 1.568 ] cputime=[ 3.000 ] occupancy=[ 0.167 ] 
method=[ _Z11fd3d_kernelPfS_iiifffS_ ] gputime=[ 82460.352 ] cputime=[ 3.000 ] occupancy=[ 0.333 ] 
method=[ _Z20inject_source_kernelPffi ] gputime=[ 1.600 ] cputime=[ 5.000 ] occupancy=[ 0.167 ] 
method=[ _Z11fd3d_kernelPfS_iiifffS_ ] gputime=[ 82962.594 ] cputime=[ 4.000 ] occupancy=[ 0.333 ] 
method=[ _Z20inject_source_kernelPffi ] gputime=[ 1.568 ] cputime=[ 5.000 ] occupancy=[ 0.167 ] 
method=[ _Z11fd3d_kernelPfS_iiifffS_ ] gputime=[ 82958.273 ] cputime=[ 5.000 ] occupancy=[ 0.333 ] 
method=[ _Z20inject_source_kernelPffi ] gputime=[ 1.600 ] cputime=[ 4.000 ] occupancy=[ 0.167 ] 
method=[ _Z11fd3d_kernelPfS_iiifffS_ ] gputime=[ 82856.547 ] cputime=[ 3.000 ] occupancy=[ 0.333 ] 
method=[ _Z20inject_source_kernelPffi ] gputime=[ 1.696 ] cputime=[ 3.000 ] occupancy=[ 0.167 ] 
method=[ _Z11fd3d_kernelPfS_iiifffS_ ] gputime=[ 82400.195 ] cputime=[ 3.000 ] occupancy=[ 0.333 ] 
method=[ _Z20inject_source_kernelPffi ] gputime=[ 1.728 ] cputime=[ 3.000 ] occupancy=[ 0.167 ] 
method=[ _Z11fd3d_kernelPfS_iiifffS_ ] gputime=[ 82261.250 ] cputime=[ 3.000 ] occupancy=[ 0.333 ] 
method=[ _Z20inject_source_kernelPffi ] gputime=[ 1.696 ] cputime=[ 3.000 ] occupancy=[ 0.167 ] 
method=[ _Z11fd3d_kernelPfS_iiifffS_ ] gputime=[ 82468.867 ] cputime=[ 3.000 ] occupancy=[ 0.333 ] 
method=[ _Z20inject_source_kernelPffi ] gputime=[ 1.728 ] cputime=[ 3.000 ] occupancy=[ 0.167 ] 
method=[ _Z11fd3d_kernelPfS_iiifffS_ ] gputime=[ 82762.945 ] cputime=[ 3.000 ] occupancy=[ 0.333 ] 
method=[ _Z20inject_source_kernelPffi ] gputime=[ 1.696 ] cputime=[ 3.000 ] occupancy=[ 0.167 ] 
method=[ _Z11fd3d_kernelPfS_iiifffS_ ] gputime=[ 82364.062 ] cputime=[ 3.000 ] occupancy=[ 0.333 ] 
method=[ _Z20inject_source_kernelPffi ] gputime=[ 1.696 ] cputime=[ 3.000 ] occupancy=[ 0.167 ] 
method=[ _Z11fd3d_kernelPfS_iiifffS_ ] gputime=[ 82913.281 ] cputime=[ 3.000 ] occupancy=[ 0.333 ] 
method=[ _Z20inject_source_kernelPffi ] gputime=[ 1.728 ] cputime=[ 3.000 ] occupancy=[ 0.167 ] 
method=[ _Z11fd3d_kernelPfS_iiifffS_ ] gputime=[ 82777.820 ] cputime=[ 3.000 ] occupancy=[ 0.333 ] 
method=[ _Z20inject_source_kernelPffi ] gputime=[ 2.176 ] cputime=[ 5.000 ] occupancy=[ 0.167 ] 
method=[ _Z11fd3d_kernelPfS_iiifffS_ ] gputime=[ 82859.008 ] cputime=[ 4.000 ] occupancy=[ 0.333 ] 
method=[ _Z20inject_source_kernelPffi ] gputime=[ 1.696 ] cputime=[ 4.000 ] occupancy=[ 0.167 ] 
method=[ _Z11fd3d_kernelPfS_iiifffS_ ] gputime=[ 82557.570 ] cputime=[ 5.000 ] occupancy=[ 0.333 ] 
method=[ _Z20inject_source_kernelPffi ] gputime=[ 1.728 ] cputime=[ 3.000 ] occupancy=[ 0.167 ] 
method=[ _Z11fd3d_kernelPfS_iiifffS_ ] gputime=[ 83058.852 ] cputime=[ 4.000 ] occupancy=[ 0.333 ] 
method=[ _Z20inject_source_kernelPffi ] gputime=[ 1.536 ] cputime=[ 4.000 ] occupancy=[ 0.167 ] 
method=[ _Z11fd3d_kernelPfS_iiifffS_ ] gputime=[ 82629.695 ] cputime=[ 3.000 ] occupancy=[ 0.333 ] 
method=[ _Z20inject_source_kernelPffi ] gputime=[ 1.504 ] cputime=[ 3.000 ] occupancy=[ 0.167 ] 
method=[ _Z11fd3d_kernelPfS_iiifffS_ ] gputime=[ 82147.133 ] cputime=[ 3.000 ] occupancy=[ 0.333 ] 
method=[ _Z20inject_source_kernelPffi ] gputime=[ 1.600 ] cputime=[ 3.000 ] occupancy=[ 0.167 ] 
method=[ _Z11fd3d_kernelPfS_iiifffS_ ] gputime=[ 82601.727 ] cputime=[ 3.000 ] occupancy=[ 0.333 ] 
method=[ _Z20inject_source_kernelPffi ] gputime=[ 1.568 ] cputime=[ 3.000 ] occupancy=[ 0.167 ] 
method=[ _Z11fd3d_kernelPfS_iiifffS_ ] gputime=[ 82521.250 ] cputime=[ 3.000 ] occupancy=[ 0.333 ] 
method=[ _Z20inject_source_kernelPffi ] gputime=[ 1.600 ] cputime=[ 2.000 ] occupancy=[ 0.167 ] 
method=[ _Z11fd3d_kernelPfS_iiifffS_ ] gputime=[ 82834.719 ] cputime=[ 3.000 ] occupancy=[ 0.333 ] 
method=[ _Z20inject_source_kernelPffi ] gputime=[ 1.600 ] cputime=[ 3.000 ] occupancy=[ 0.167 ] 
method=[ _Z11fd3d_kernelPfS_iiifffS_ ] gputime=[ 82570.492 ] cputime=[ 3.000 ] occupancy=[ 0.333 ] 
method=[ _Z20inject_source_kernelPffi ] gputime=[ 1.728 ] cputime=[ 3.000 ] occupancy=[ 0.167 ] 
method=[ _Z11fd3d_kernelPfS_iiifffS_ ] gputime=[ 82511.391 ] cputime=[ 3.000 ] occupancy=[ 0.333 ] 
method=[ _Z20inject_source_kernelPffi ] gputime=[ 1.696 ] cputime=[ 5.000 ] occupancy=[ 0.167 ] 
method=[ _Z11fd3d_kernelPfS_iiifffS_ ] gputime=[ 82489.023 ] cputime=[ 5.000 ] occupancy=[ 0.333 ] 
method=[ _Z20inject_source_kernelPffi ] gputime=[ 1.728 ] cputime=[ 4.000 ] occupancy=[ 0.167 ] 
method=[ _Z11fd3d_kernelPfS_iiifffS_ ] gputime=[ 82901.664 ] cputime=[ 5.000 ] occupancy=[ 0.333 ] 
method=[ _Z20inject_source_kernelPffi ] gputime=[ 1.696 ] cputime=[ 5.000 ] occupancy=[ 0.167 ] 
method=[ _Z11fd3d_kernelPfS_iiifffS_ ] gputime=[ 82185.984 ] cputime=[ 4.000 ] occupancy=[ 0.333 ] 
method=[ _Z20inject_source_kernelPffi ] gputime=[ 1.728 ] cputime=[ 4.000 ] occupancy=[ 0.167 ] 
method=[ _Z11fd3d_kernelPfS_iiifffS_ ] gputime=[ 82673.859 ] cputime=[ 3.000 ] occupancy=[ 0.333 ] 
method=[ _Z20inject_source_kernelPffi ] gputime=[ 2.784 ] cputime=[ 2.000 ] occupancy=[ 0.167 ] 
method=[ _Z11fd3d_kernelPfS_iiifffS_ ] gputime=[ 82668.641 ] cputime=[ 2.000 ] occupancy=[ 0.333 ] 
method=[ _Z20inject_source_kernelPffi ] gputime=[ 1.696 ] cputime=[ 3.000 ] occupancy=[ 0.167 ] 
method=[ _Z11fd3d_kernelPfS_iiifffS_ ] gputime=[ 82971.008 ] cputime=[ 3.000 ] occupancy=[ 0.333 ] 
method=[ _Z20inject_source_kernelPffi ] gputime=[ 1.696 ] cputime=[ 3.000 ] occupancy=[ 0.167 ] 
method=[ _Z11fd3d_kernelPfS_iiifffS_ ] gputime=[ 82657.375 ] cputime=[ 3.000 ] occupancy=[ 0.333 ] 
method=[ _Z20inject_source_kernelPffi ] gputime=[ 1.696 ] cputime=[ 2.000 ] occupancy=[ 0.167 ] 
method=[ _Z11fd3d_kernelPfS_iiifffS_ ] gputime=[ 82482.656 ] cputime=[ 4.000 ] occupancy=[ 0.333 ] 
method=[ _Z20inject_source_kernelPffi ] gputime=[ 1.728 ] cputime=[ 2.000 ] occupancy=[ 0.167 ] 
method=[ _Z11fd3d_kernelPfS_iiifffS_ ] gputime=[ 82653.984 ] cputime=[ 3.000 ] occupancy=[ 0.333 ] 
method=[ _Z20inject_source_kernelPffi ] gputime=[ 1.504 ] cputime=[ 3.000 ] occupancy=[ 0.167 ] 
method=[ _Z11fd3d_kernelPfS_iiifffS_ ] gputime=[ 82640.320 ] cputime=[ 3.000 ] occupancy=[ 0.333 ] 
method=[ _Z20inject_source_kernelPffi ] gputime=[ 2.048 ] cputime=[ 5.000 ] occupancy=[ 0.167 ] 
method=[ _Z11fd3d_kernelPfS_iiifffS_ ] gputime=[ 82768.477 ] cputime=[ 4.000 ] occupancy=[ 0.333 ] 
method=[ _Z20inject_source_kernelPffi ] gputime=[ 1.664 ] cputime=[ 5.000 ] occupancy=[ 0.167 ] 
method=[ _Z11fd3d_kernelPfS_iiifffS_ ] gputime=[ 82585.820 ] cputime=[ 5.000 ] occupancy=[ 0.333 ] 
method=[ _Z20inject_source_kernelPffi ] gputime=[ 1.632 ] cputime=[ 4.000 ] occupancy=[ 0.167 ] 
method=[ _Z11fd3d_kernelPfS_iiifffS_ ] gputime=[ 82359.586 ] cputime=[ 4.000 ] occupancy=[ 0.333 ] 
method=[ _Z20inject_source_kernelPffi ] gputime=[ 1.568 ] cputime=[ 3.000 ] occupancy=[ 0.167 ] 
method=[ _Z11fd3d_kernelPfS_iiifffS_ ] gputime=[ 82793.469 ] cputime=[ 3.000 ] occupancy=[ 0.333 ] 
method=[ _Z20inject_source_kernelPffi ] gputime=[ 1.600 ] cputime=[ 3.000 ] occupancy=[ 0.167 ] 
method=[ _Z11fd3d_kernelPfS_iiifffS_ ] gputime=[ 83027.203 ] cputime=[ 2.000 ] occupancy=[ 0.333 ] 
method=[ _Z20inject_source_kernelPffi ] gputime=[ 1.600 ] cputime=[ 3.000 ] occupancy=[ 0.167 ] 
method=[ _Z11fd3d_kernelPfS_iiifffS_ ] gputime=[ 82574.977 ] cputime=[ 3.000 ] occupancy=[ 0.333 ] 
method=[ _Z20inject_source_kernelPffi ] gputime=[ 1.600 ] cputime=[ 3.000 ] occupancy=[ 0.167 ] 
method=[ _Z11fd3d_kernelPfS_iiifffS_ ] gputime=[ 82208.797 ] cputime=[ 3.000 ] occupancy=[ 0.333 ] 
method=[ _Z20inject_source_kernelPffi ] gputime=[ 1.568 ] cputime=[ 3.000 ] occupancy=[ 0.167 ] 
method=[ _Z11fd3d_kernelPfS_iiifffS_ ] gputime=[ 82834.914 ] cputime=[ 3.000 ] occupancy=[ 0.333 ] 
method=[ _Z20inject_source_kernelPffi ] gputime=[ 1.632 ] cputime=[ 3.000 ] occupancy=[ 0.167 ] 
method=[ _Z11fd3d_kernelPfS_iiifffS_ ] gputime=[ 82478.180 ] cputime=[ 3.000 ] occupancy=[ 0.333 ] 
method=[ _Z20inject_source_kernelPffi ] gputime=[ 1.568 ] cputime=[ 3.000 ] occupancy=[ 0.167 ] 
method=[ _Z11fd3d_kernelPfS_iiifffS_ ] gputime=[ 82625.188 ] cputime=[ 3.000 ] occupancy=[ 0.333 ] 
method=[ memcpyDtoH ] gputime=[ 146959.781 ] cputime=[ 147188.000 ] 
method=[ memset128 ] gputime=[ 4170.560 ] cputime=[ 17.000 ] occupancy=[ 0.333 ] 
method=[ memset128 ] gputime=[ 4155.200 ] cputime=[ 4.000 ] occupancy=[ 0.333 ] 
method=[ memcpyHtoD ] gputime=[ 125856.445 ] cputime=[ 131646.000 ] 
method=[ memcpyHtoD ] gputime=[ 1.536 ] cputime=[ 5.000 ] 
method=[ _Z20inject_source_kernelPffi ] gputime=[ 3.680 ] cputime=[ 9.000 ] occupancy=[ 0.167 ] 
method=[ _Z11fd3d_kernelPfS_iiifffS_ ] gputime=[ 82972.797 ] cputime=[ 5.000 ] occupancy=[ 0.333 ] 
method=[ _Z20inject_source_kernelPffi ] gputime=[ 1.696 ] cputime=[ 4.000 ] occupancy=[ 0.167 ] 
method=[ _Z11fd3d_kernelPfS_iiifffS_ ] gputime=[ 82557.312 ] cputime=[ 4.000 ] occupancy=[ 0.333 ] 
method=[ _Z20inject_source_kernelPffi ] gputime=[ 1.696 ] cputime=[ 4.000 ] occupancy=[ 0.167 ] 
method=[ _Z11fd3d_kernelPfS_iiifffS_ ] gputime=[ 82865.539 ] cputime=[ 4.000 ] occupancy=[ 0.333 ] 
method=[ _Z20inject_source_kernelPffi ] gputime=[ 1.696 ] cputime=[ 4.000 ] occupancy=[ 0.167 ] 
method=[ _Z11fd3d_kernelPfS_iiifffS_ ] gputime=[ 82667.484 ] cputime=[ 5.000 ] occupancy=[ 0.333 ] 
method=[ _Z20inject_source_kernelPffi ] gputime=[ 1.504 ] cputime=[ 4.000 ] occupancy=[ 0.167 ] 
method=[ _Z11fd3d_kernelPfS_iiifffS_ ] gputime=[ 82336.414 ] cputime=[ 3.000 ] occupancy=[ 0.333 ] 
method=[ _Z20inject_source_kernelPffi ] gputime=[ 1.504 ] cputime=[ 4.000 ] occupancy=[ 0.167 ] 
method=[ _Z11fd3d_kernelPfS_iiifffS_ ] gputime=[ 82795.906 ] cputime=[ 4.000 ] occupancy=[ 0.333 ] 
method=[ _Z20inject_source_kernelPffi ] gputime=[ 1.632 ] cputime=[ 5.000 ] occupancy=[ 0.167 ] 
method=[ _Z11fd3d_kernelPfS_iiifffS_ ] gputime=[ 82580.477 ] cputime=[ 3.000 ] occupancy=[ 0.333 ] 
method=[ _Z20inject_source_kernelPffi ] gputime=[ 1.600 ] cputime=[ 3.000 ] occupancy=[ 0.167 ] 
method=[ _Z11fd3d_kernelPfS_iiifffS_ ] gputime=[ 82842.656 ] cputime=[ 3.000 ] occupancy=[ 0.333 ] 
method=[ _Z20inject_source_kernelPffi ] gputime=[ 1.568 ] cputime=[ 2.000 ] occupancy=[ 0.167 ] 
method=[ _Z11fd3d_kernelPfS_iiifffS_ ] gputime=[ 82881.281 ] cputime=[ 3.000 ] occupancy=[ 0.333 ] 
method=[ _Z20inject_source_kernelPffi ] gputime=[ 1.568 ] cputime=[ 3.000 ] occupancy=[ 0.167 ] 
method=[ _Z11fd3d_kernelPfS_iiifffS_ ] gputime=[ 82929.281 ] cputime=[ 3.000 ] occupancy=[ 0.333 ] 
method=[ _Z20inject_source_kernelPffi ] gputime=[ 1.728 ] cputime=[ 5.000 ] occupancy=[ 0.167 ] 
method=[ _Z11fd3d_kernelPfS_iiifffS_ ] gputime=[ 82498.719 ] cputime=[ 5.000 ] occupancy=[ 0.333 ] 
method=[ _Z20inject_source_kernelPffi ] gputime=[ 1.696 ] cputime=[ 5.000 ] occupancy=[ 0.167 ] 
method=[ _Z11fd3d_kernelPfS_iiifffS_ ] gputime=[ 82970.180 ] cputime=[ 5.000 ] occupancy=[ 0.333 ] 
method=[ _Z20inject_source_kernelPffi ] gputime=[ 1.696 ] cputime=[ 4.000 ] occupancy=[ 0.167 ] 
method=[ _Z11fd3d_kernelPfS_iiifffS_ ] gputime=[ 83237.664 ] cputime=[ 3.000 ] occupancy=[ 0.333 ] 
method=[ _Z20inject_source_kernelPffi ] gputime=[ 1.696 ] cputime=[ 3.000 ] occupancy=[ 0.167 ] 
method=[ _Z11fd3d_kernelPfS_iiifffS_ ] gputime=[ 82893.664 ] cputime=[ 3.000 ] occupancy=[ 0.333 ] 
method=[ _Z20inject_source_kernelPffi ] gputime=[ 1.696 ] cputime=[ 3.000 ] occupancy=[ 0.167 ] 
method=[ _Z11fd3d_kernelPfS_iiifffS_ ] gputime=[ 83160.703 ] cputime=[ 2.000 ] occupancy=[ 0.333 ] 
method=[ _Z20inject_source_kernelPffi ] gputime=[ 1.696 ] cputime=[ 3.000 ] occupancy=[ 0.167 ] 
method=[ _Z11fd3d_kernelPfS_iiifffS_ ] gputime=[ 82795.938 ] cputime=[ 3.000 ] occupancy=[ 0.333 ] 
method=[ _Z20inject_source_kernelPffi ] gputime=[ 1.696 ] cputime=[ 3.000 ] occupancy=[ 0.167 ] 
method=[ _Z11fd3d_kernelPfS_iiifffS_ ] gputime=[ 82390.336 ] cputime=[ 2.000 ] occupancy=[ 0.333 ] 
method=[ _Z20inject_source_kernelPffi ] gputime=[ 1.696 ] cputime=[ 2.000 ] occupancy=[ 0.167 ] 
method=[ _Z11fd3d_kernelPfS_iiifffS_ ] gputime=[ 83312.797 ] cputime=[ 3.000 ] occupancy=[ 0.333 ] 
method=[ _Z20inject_source_kernelPffi ] gputime=[ 1.696 ] cputime=[ 3.000 ] occupancy=[ 0.167 ] 
method=[ _Z11fd3d_kernelPfS_iiifffS_ ] gputime=[ 83098.109 ] cputime=[ 3.000 ] occupancy=[ 0.333 ] 
method=[ _Z20inject_source_kernelPffi ] gputime=[ 1.696 ] cputime=[ 3.000 ] occupancy=[ 0.167 ] 
method=[ _Z11fd3d_kernelPfS_iiifffS_ ] gputime=[ 82677.438 ] cputime=[ 3.000 ] occupancy=[ 0.333 ] 
method=[ _Z20inject_source_kernelPffi ] gputime=[ 1.536 ] cputime=[ 5.000 ] occupancy=[ 0.167 ] 
method=[ _Z11fd3d_kernelPfS_iiifffS_ ] gputime=[ 82833.695 ] cputime=[ 4.000 ] occupancy=[ 0.333 ] 
method=[ _Z20inject_source_kernelPffi ] gputime=[ 1.536 ] cputime=[ 4.000 ] occupancy=[ 0.167 ] 
method=[ _Z11fd3d_kernelPfS_iiifffS_ ] gputime=[ 82630.367 ] cputime=[ 6.000 ] occupancy=[ 0.333 ] 
method=[ _Z20inject_source_kernelPffi ] gputime=[ 1.600 ] cputime=[ 5.000 ] occupancy=[ 0.167 ] 
method=[ _Z11fd3d_kernelPfS_iiifffS_ ] gputime=[ 82780.445 ] cputime=[ 3.000 ] occupancy=[ 0.333 ] 
method=[ _Z20inject_source_kernelPffi ] gputime=[ 1.600 ] cputime=[ 3.000 ] occupancy=[ 0.167 ] 
method=[ _Z11fd3d_kernelPfS_iiifffS_ ] gputime=[ 83053.281 ] cputime=[ 3.000 ] occupancy=[ 0.333 ] 
method=[ _Z20inject_source_kernelPffi ] gputime=[ 1.632 ] cputime=[ 3.000 ] occupancy=[ 0.167 ] 
method=[ _Z11fd3d_kernelPfS_iiifffS_ ] gputime=[ 82991.586 ] cputime=[ 3.000 ] occupancy=[ 0.333 ] 
method=[ _Z20inject_source_kernelPffi ] gputime=[ 1.568 ] cputime=[ 3.000 ] occupancy=[ 0.167 ] 
method=[ _Z11fd3d_kernelPfS_iiifffS_ ] gputime=[ 82312.031 ] cputime=[ 3.000 ] occupancy=[ 0.333 ] 
method=[ _Z20inject_source_kernelPffi ] gputime=[ 1.856 ] cputime=[ 3.000 ] occupancy=[ 0.167 ] 
method=[ _Z11fd3d_kernelPfS_iiifffS_ ] gputime=[ 82885.250 ] cputime=[ 3.000 ] occupancy=[ 0.333 ] 
method=[ _Z20inject_source_kernelPffi ] gputime=[ 1.792 ] cputime=[ 2.000 ] occupancy=[ 0.167 ] 
method=[ _Z11fd3d_kernelPfS_iiifffS_ ] gputime=[ 82933.438 ] cputime=[ 2.000 ] occupancy=[ 0.333 ] 
method=[ _Z20inject_source_kernelPffi ] gputime=[ 1.696 ] cputime=[ 2.000 ] occupancy=[ 0.167 ] 
method=[ _Z11fd3d_kernelPfS_iiifffS_ ] gputime=[ 82364.000 ] cputime=[ 2.000 ] occupancy=[ 0.333 ] 
method=[ _Z20inject_source_kernelPffi ] gputime=[ 1.728 ] cputime=[ 2.000 ] occupancy=[ 0.167 ] 
method=[ _Z11fd3d_kernelPfS_iiifffS_ ] gputime=[ 82817.438 ] cputime=[ 2.000 ] occupancy=[ 0.333 ] 
method=[ _Z20inject_source_kernelPffi ] gputime=[ 1.696 ] cputime=[ 5.000 ] occupancy=[ 0.167 ] 
method=[ _Z11fd3d_kernelPfS_iiifffS_ ] gputime=[ 82574.047 ] cputime=[ 5.000 ] occupancy=[ 0.333 ] 
method=[ _Z20inject_source_kernelPffi ] gputime=[ 1.696 ] cputime=[ 8.000 ] occupancy=[ 0.167 ] 
method=[ _Z11fd3d_kernelPfS_iiifffS_ ] gputime=[ 82727.133 ] cputime=[ 5.000 ] occupancy=[ 0.333 ] 
method=[ _Z20inject_source_kernelPffi ] gputime=[ 2.944 ] cputime=[ 7.000 ] occupancy=[ 0.167 ] 
method=[ _Z11fd3d_kernelPfS_iiifffS_ ] gputime=[ 82784.414 ] cputime=[ 4.000 ] occupancy=[ 0.333 ] 
method=[ _Z20inject_source_kernelPffi ] gputime=[ 1.696 ] cputime=[ 3.000 ] occupancy=[ 0.167 ] 
method=[ _Z11fd3d_kernelPfS_iiifffS_ ] gputime=[ 82177.891 ] cputime=[ 3.000 ] occupancy=[ 0.333 ] 
method=[ _Z20inject_source_kernelPffi ] gputime=[ 1.696 ] cputime=[ 3.000 ] occupancy=[ 0.167 ] 
method=[ _Z11fd3d_kernelPfS_iiifffS_ ] gputime=[ 82184.516 ] cputime=[ 4.000 ] occupancy=[ 0.333 ] 
method=[ _Z20inject_source_kernelPffi ] gputime=[ 1.696 ] cputime=[ 3.000 ] occupancy=[ 0.167 ] 
method=[ _Z11fd3d_kernelPfS_iiifffS_ ] gputime=[ 82879.648 ] cputime=[ 3.000 ] occupancy=[ 0.333 ] 
method=[ _Z20inject_source_kernelPffi ] gputime=[ 1.504 ] cputime=[ 2.000 ] occupancy=[ 0.167 ] 
method=[ _Z11fd3d_kernelPfS_iiifffS_ ] gputime=[ 83107.391 ] cputime=[ 3.000 ] occupancy=[ 0.333 ] 
method=[ _Z20inject_source_kernelPffi ] gputime=[ 1.568 ] cputime=[ 4.000 ] occupancy=[ 0.167 ] 
method=[ _Z11fd3d_kernelPfS_iiifffS_ ] gputime=[ 83016.227 ] cputime=[ 3.000 ] occupancy=[ 0.333 ] 
method=[ _Z20inject_source_kernelPffi ] gputime=[ 1.600 ] cputime=[ 3.000 ] occupancy=[ 0.167 ] 
method=[ _Z11fd3d_kernelPfS_iiifffS_ ] gputime=[ 83016.195 ] cputime=[ 3.000 ] occupancy=[ 0.333 ] 
method=[ _Z20inject_source_kernelPffi ] gputime=[ 1.600 ] cputime=[ 2.000 ] occupancy=[ 0.167 ] 
method=[ _Z11fd3d_kernelPfS_iiifffS_ ] gputime=[ 82952.578 ] cputime=[ 3.000 ] occupancy=[ 0.333 ] 
method=[ _Z20inject_source_kernelPffi ] gputime=[ 1.568 ] cputime=[ 5.000 ] occupancy=[ 0.167 ] 
method=[ _Z11fd3d_kernelPfS_iiifffS_ ] gputime=[ 82906.367 ] cputime=[ 4.000 ] occupancy=[ 0.333 ] 
method=[ _Z20inject_source_kernelPffi ] gputime=[ 1.568 ] cputime=[ 5.000 ] occupancy=[ 0.167 ] 
method=[ _Z11fd3d_kernelPfS_iiifffS_ ] gputime=[ 82260.930 ] cputime=[ 5.000 ] occupancy=[ 0.333 ] 
method=[ _Z20inject_source_kernelPffi ] gputime=[ 1.696 ] cputime=[ 5.000 ] occupancy=[ 0.167 ] 
method=[ _Z11fd3d_kernelPfS_iiifffS_ ] gputime=[ 82732.578 ] cputime=[ 3.000 ] occupancy=[ 0.333 ] 
method=[ _Z20inject_source_kernelPffi ] gputime=[ 1.696 ] cputime=[ 3.000 ] occupancy=[ 0.167 ] 
method=[ _Z11fd3d_kernelPfS_iiifffS_ ] gputime=[ 82671.875 ] cputime=[ 3.000 ] occupancy=[ 0.333 ] 
method=[ _Z20inject_source_kernelPffi ] gputime=[ 1.728 ] cputime=[ 2.000 ] occupancy=[ 0.167 ] 
method=[ _Z11fd3d_kernelPfS_iiifffS_ ] gputime=[ 82397.758 ] cputime=[ 3.000 ] occupancy=[ 0.333 ] 
method=[ _Z20inject_source_kernelPffi ] gputime=[ 1.696 ] cputime=[ 3.000 ] occupancy=[ 0.167 ] 
method=[ _Z11fd3d_kernelPfS_iiifffS_ ] gputime=[ 82884.641 ] cputime=[ 3.000 ] occupancy=[ 0.333 ] 
method=[ _Z20inject_source_kernelPffi ] gputime=[ 1.728 ] cputime=[ 3.000 ] occupancy=[ 0.167 ] 
method=[ _Z11fd3d_kernelPfS_iiifffS_ ] gputime=[ 82757.789 ] cputime=[ 3.000 ] occupancy=[ 0.333 ] 
method=[ _Z20inject_source_kernelPffi ] gputime=[ 1.696 ] cputime=[ 3.000 ] occupancy=[ 0.167 ] 
method=[ _Z11fd3d_kernelPfS_iiifffS_ ] gputime=[ 82806.398 ] cputime=[ 2.000 ] occupancy=[ 0.333 ] 
method=[ _Z20inject_source_kernelPffi ] gputime=[ 1.728 ] cputime=[ 3.000 ] occupancy=[ 0.167 ] 
method=[ _Z11fd3d_kernelPfS_iiifffS_ ] gputime=[ 82488.672 ] cputime=[ 3.000 ] occupancy=[ 0.333 ] 
method=[ _Z20inject_source_kernelPffi ] gputime=[ 1.696 ] cputime=[ 3.000 ] occupancy=[ 0.167 ] 
method=[ _Z11fd3d_kernelPfS_iiifffS_ ] gputime=[ 82608.000 ] cputime=[ 2.000 ] occupancy=[ 0.333 ] 
method=[ _Z20inject_source_kernelPffi ] gputime=[ 1.728 ] cputime=[ 5.000 ] occupancy=[ 0.167 ] 
method=[ _Z11fd3d_kernelPfS_iiifffS_ ] gputime=[ 83009.984 ] cputime=[ 4.000 ] occupancy=[ 0.333 ] 
method=[ _Z20inject_source_kernelPffi ] gputime=[ 1.696 ] cputime=[ 4.000 ] occupancy=[ 0.167 ] 
method=[ _Z11fd3d_kernelPfS_iiifffS_ ] gputime=[ 82660.867 ] cputime=[ 4.000 ] occupancy=[ 0.333 ] 
method=[ _Z20inject_source_kernelPffi ] gputime=[ 1.536 ] cputime=[ 3.000 ] occupancy=[ 0.167 ] 
method=[ _Z11fd3d_kernelPfS_iiifffS_ ] gputime=[ 82845.984 ] cputime=[ 3.000 ] occupancy=[ 0.333 ] 
method=[ _Z20inject_source_kernelPffi ] gputime=[ 1.504 ] cputime=[ 7.000 ] occupancy=[ 0.167 ] 
method=[ _Z11fd3d_kernelPfS_iiifffS_ ] gputime=[ 82487.844 ] cputime=[ 5.000 ] occupancy=[ 0.333 ] 
method=[ _Z20inject_source_kernelPffi ] gputime=[ 1.600 ] cputime=[ 3.000 ] occupancy=[ 0.167 ] 
method=[ _Z11fd3d_kernelPfS_iiifffS_ ] gputime=[ 82754.211 ] cputime=[ 3.000 ] occupancy=[ 0.333 ] 
method=[ _Z20inject_source_kernelPffi ] gputime=[ 1.568 ] cputime=[ 3.000 ] occupancy=[ 0.167 ] 
method=[ _Z11fd3d_kernelPfS_iiifffS_ ] gputime=[ 82788.641 ] cputime=[ 3.000 ] occupancy=[ 0.333 ] 
method=[ _Z20inject_source_kernelPffi ] gputime=[ 1.632 ] cputime=[ 3.000 ] occupancy=[ 0.167 ] 
method=[ _Z11fd3d_kernelPfS_iiifffS_ ] gputime=[ 82808.578 ] cputime=[ 2.000 ] occupancy=[ 0.333 ] 
method=[ _Z20inject_source_kernelPffi ] gputime=[ 1.600 ] cputime=[ 3.000 ] occupancy=[ 0.167 ] 
method=[ _Z11fd3d_kernelPfS_iiifffS_ ] gputime=[ 82398.812 ] cputime=[ 3.000 ] occupancy=[ 0.333 ] 
method=[ _Z20inject_source_kernelPffi ] gputime=[ 1.696 ] cputime=[ 3.000 ] occupancy=[ 0.167 ] 
method=[ _Z11fd3d_kernelPfS_iiifffS_ ] gputime=[ 82892.031 ] cputime=[ 3.000 ] occupancy=[ 0.333 ] 
method=[ _Z20inject_source_kernelPffi ] gputime=[ 1.696 ] cputime=[ 2.000 ] occupancy=[ 0.167 ] 
method=[ _Z11fd3d_kernelPfS_iiifffS_ ] gputime=[ 82744.672 ] cputime=[ 2.000 ] occupancy=[ 0.333 ] 
method=[ _Z20inject_source_kernelPffi ] gputime=[ 1.792 ] cputime=[ 6.000 ] occupancy=[ 0.167 ] 
method=[ _Z11fd3d_kernelPfS_iiifffS_ ] gputime=[ 82334.656 ] cputime=[ 5.000 ] occupancy=[ 0.333 ] 
method=[ _Z20inject_source_kernelPffi ] gputime=[ 1.696 ] cputime=[ 4.000 ] occupancy=[ 0.167 ] 
method=[ _Z11fd3d_kernelPfS_iiifffS_ ] gputime=[ 82470.180 ] cputime=[ 6.000 ] occupancy=[ 0.333 ] 
method=[ _Z20inject_source_kernelPffi ] gputime=[ 1.728 ] cputime=[ 5.000 ] occupancy=[ 0.167 ] 
method=[ _Z11fd3d_kernelPfS_iiifffS_ ] gputime=[ 82720.414 ] cputime=[ 4.000 ] occupancy=[ 0.333 ] 
method=[ _Z20inject_source_kernelPffi ] gputime=[ 1.728 ] cputime=[ 3.000 ] occupancy=[ 0.167 ] 
method=[ _Z11fd3d_kernelPfS_iiifffS_ ] gputime=[ 82789.602 ] cputime=[ 3.000 ] occupancy=[ 0.333 ] 
method=[ _Z20inject_source_kernelPffi ] gputime=[ 1.696 ] cputime=[ 3.000 ] occupancy=[ 0.167 ] 
method=[ _Z11fd3d_kernelPfS_iiifffS_ ] gputime=[ 82371.906 ] cputime=[ 3.000 ] occupancy=[ 0.333 ] 
method=[ _Z20inject_source_kernelPffi ] gputime=[ 1.728 ] cputime=[ 3.000 ] occupancy=[ 0.167 ] 
method=[ _Z11fd3d_kernelPfS_iiifffS_ ] gputime=[ 82987.266 ] cputime=[ 3.000 ] occupancy=[ 0.333 ] 
method=[ _Z20inject_source_kernelPffi ] gputime=[ 1.696 ] cputime=[ 2.000 ] occupancy=[ 0.167 ] 
method=[ _Z11fd3d_kernelPfS_iiifffS_ ] gputime=[ 82565.984 ] cputime=[ 2.000 ] occupancy=[ 0.333 ] 
method=[ _Z20inject_source_kernelPffi ] gputime=[ 1.696 ] cputime=[ 3.000 ] occupancy=[ 0.167 ] 
method=[ _Z11fd3d_kernelPfS_iiifffS_ ] gputime=[ 82974.977 ] cputime=[ 3.000 ] occupancy=[ 0.333 ] 
method=[ _Z20inject_source_kernelPffi ] gputime=[ 2.752 ] cputime=[ 3.000 ] occupancy=[ 0.167 ] 
method=[ _Z11fd3d_kernelPfS_iiifffS_ ] gputime=[ 82424.898 ] cputime=[ 3.000 ] occupancy=[ 0.333 ] 
method=[ _Z20inject_source_kernelPffi ] gputime=[ 1.536 ] cputime=[ 3.000 ] occupancy=[ 0.167 ] 
method=[ _Z11fd3d_kernelPfS_iiifffS_ ] gputime=[ 82830.656 ] cputime=[ 3.000 ] occupancy=[ 0.333 ] 
method=[ _Z20inject_source_kernelPffi ] gputime=[ 1.600 ] cputime=[ 5.000 ] occupancy=[ 0.167 ] 
method=[ _Z11fd3d_kernelPfS_iiifffS_ ] gputime=[ 81878.398 ] cputime=[ 4.000 ] occupancy=[ 0.333 ] 
method=[ _Z20inject_source_kernelPffi ] gputime=[ 1.600 ] cputime=[ 4.000 ] occupancy=[ 0.167 ] 
method=[ _Z11fd3d_kernelPfS_iiifffS_ ] gputime=[ 82919.742 ] cputime=[ 5.000 ] occupancy=[ 0.333 ] 
method=[ _Z20inject_source_kernelPffi ] gputime=[ 1.632 ] cputime=[ 5.000 ] occupancy=[ 0.167 ] 
method=[ _Z11fd3d_kernelPfS_iiifffS_ ] gputime=[ 82860.828 ] cputime=[ 3.000 ] occupancy=[ 0.333 ] 
method=[ _Z20inject_source_kernelPffi ] gputime=[ 1.568 ] cputime=[ 3.000 ] occupancy=[ 0.167 ] 
method=[ _Z11fd3d_kernelPfS_iiifffS_ ] gputime=[ 82675.484 ] cputime=[ 3.000 ] occupancy=[ 0.333 ] 
method=[ _Z20inject_source_kernelPffi ] gputime=[ 1.696 ] cputime=[ 3.000 ] occupancy=[ 0.167 ] 
method=[ _Z11fd3d_kernelPfS_iiifffS_ ] gputime=[ 82393.727 ] cputime=[ 3.000 ] occupancy=[ 0.333 ] 
method=[ _Z20inject_source_kernelPffi ] gputime=[ 1.856 ] cputime=[ 2.000 ] occupancy=[ 0.167 ] 
method=[ _Z11fd3d_kernelPfS_iiifffS_ ] gputime=[ 83052.445 ] cputime=[ 3.000 ] occupancy=[ 0.333 ] 
method=[ _Z20inject_source_kernelPffi ] gputime=[ 1.696 ] cputime=[ 3.000 ] occupancy=[ 0.167 ] 
method=[ _Z11fd3d_kernelPfS_iiifffS_ ] gputime=[ 82480.703 ] cputime=[ 3.000 ] occupancy=[ 0.333 ] 
method=[ _Z20inject_source_kernelPffi ] gputime=[ 1.728 ] cputime=[ 3.000 ] occupancy=[ 0.167 ] 
method=[ _Z11fd3d_kernelPfS_iiifffS_ ] gputime=[ 82563.422 ] cputime=[ 3.000 ] occupancy=[ 0.333 ] 
method=[ _Z20inject_source_kernelPffi ] gputime=[ 1.696 ] cputime=[ 3.000 ] occupancy=[ 0.167 ] 
method=[ _Z11fd3d_kernelPfS_iiifffS_ ] gputime=[ 82829.055 ] cputime=[ 3.000 ] occupancy=[ 0.333 ] 
method=[ _Z20inject_source_kernelPffi ] gputime=[ 1.696 ] cputime=[ 3.000 ] occupancy=[ 0.167 ] 
method=[ _Z11fd3d_kernelPfS_iiifffS_ ] gputime=[ 82717.188 ] cputime=[ 3.000 ] occupancy=[ 0.333 ] 
method=[ _Z20inject_source_kernelPffi ] gputime=[ 1.696 ] cputime=[ 5.000 ] occupancy=[ 0.167 ] 
method=[ _Z11fd3d_kernelPfS_iiifffS_ ] gputime=[ 82499.328 ] cputime=[ 5.000 ] occupancy=[ 0.333 ] 
method=[ _Z20inject_source_kernelPffi ] gputime=[ 1.696 ] cputime=[ 5.000 ] occupancy=[ 0.167 ] 
method=[ _Z11fd3d_kernelPfS_iiifffS_ ] gputime=[ 82747.359 ] cputime=[ 5.000 ] occupancy=[ 0.333 ] 
method=[ _Z20inject_source_kernelPffi ] gputime=[ 1.696 ] cputime=[ 4.000 ] occupancy=[ 0.167 ] 
method=[ _Z11fd3d_kernelPfS_iiifffS_ ] gputime=[ 82236.477 ] cputime=[ 4.000 ] occupancy=[ 0.333 ] 
method=[ _Z20inject_source_kernelPffi ] gputime=[ 1.728 ] cputime=[ 3.000 ] occupancy=[ 0.167 ] 
method=[ _Z11fd3d_kernelPfS_iiifffS_ ] gputime=[ 82500.672 ] cputime=[ 3.000 ] occupancy=[ 0.333 ] 
method=[ _Z20inject_source_kernelPffi ] gputime=[ 1.504 ] cputime=[ 3.000 ] occupancy=[ 0.167 ] 
method=[ _Z11fd3d_kernelPfS_iiifffS_ ] gputime=[ 82664.383 ] cputime=[ 3.000 ] occupancy=[ 0.333 ] 
method=[ _Z20inject_source_kernelPffi ] gputime=[ 1.504 ] cputime=[ 3.000 ] occupancy=[ 0.167 ] 
method=[ _Z11fd3d_kernelPfS_iiifffS_ ] gputime=[ 82943.523 ] cputime=[ 3.000 ] occupancy=[ 0.333 ] 
method=[ _Z20inject_source_kernelPffi ] gputime=[ 1.600 ] cputime=[ 3.000 ] occupancy=[ 0.167 ] 
method=[ _Z11fd3d_kernelPfS_iiifffS_ ] gputime=[ 82930.305 ] cputime=[ 3.000 ] occupancy=[ 0.333 ] 
method=[ _Z20inject_source_kernelPffi ] gputime=[ 1.536 ] cputime=[ 3.000 ] occupancy=[ 0.167 ] 
method=[ _Z11fd3d_kernelPfS_iiifffS_ ] gputime=[ 82511.297 ] cputime=[ 3.000 ] occupancy=[ 0.333 ] 
method=[ _Z20inject_source_kernelPffi ] gputime=[ 1.632 ] cputime=[ 3.000 ] occupancy=[ 0.167 ] 
method=[ _Z11fd3d_kernelPfS_iiifffS_ ] gputime=[ 82650.109 ] cputime=[ 3.000 ] occupancy=[ 0.333 ] 
method=[ _Z20inject_source_kernelPffi ] gputime=[ 1.600 ] cputime=[ 3.000 ] occupancy=[ 0.167 ] 
method=[ _Z11fd3d_kernelPfS_iiifffS_ ] gputime=[ 82665.055 ] cputime=[ 2.000 ] occupancy=[ 0.333 ] 
method=[ _Z20inject_source_kernelPffi ] gputime=[ 1.728 ] cputime=[ 5.000 ] occupancy=[ 0.167 ] 
method=[ _Z11fd3d_kernelPfS_iiifffS_ ] gputime=[ 82578.562 ] cputime=[ 5.000 ] occupancy=[ 0.333 ] 
method=[ _Z20inject_source_kernelPffi ] gputime=[ 1.728 ] cputime=[ 4.000 ] occupancy=[ 0.167 ] 
method=[ _Z11fd3d_kernelPfS_iiifffS_ ] gputime=[ 82787.039 ] cputime=[ 6.000 ] occupancy=[ 0.333 ] 
method=[ _Z20inject_source_kernelPffi ] gputime=[ 1.696 ] cputime=[ 4.000 ] occupancy=[ 0.167 ] 
method=[ _Z11fd3d_kernelPfS_iiifffS_ ] gputime=[ 82532.414 ] cputime=[ 5.000 ] occupancy=[ 0.333 ] 
method=[ _Z20inject_source_kernelPffi ] gputime=[ 1.568 ] cputime=[ 3.000 ] occupancy=[ 0.167 ] 
method=[ _Z11fd3d_kernelPfS_iiifffS_ ] gputime=[ 82874.430 ] cputime=[ 3.000 ] occupancy=[ 0.333 ] 
method=[ _Z20inject_source_kernelPffi ] gputime=[ 1.600 ] cputime=[ 3.000 ] occupancy=[ 0.167 ] 
method=[ _Z11fd3d_kernelPfS_iiifffS_ ] gputime=[ 82722.781 ] cputime=[ 3.000 ] occupancy=[ 0.333 ] 
method=[ _Z20inject_source_kernelPffi ] gputime=[ 1.600 ] cputime=[ 2.000 ] occupancy=[ 0.167 ] 
method=[ _Z11fd3d_kernelPfS_iiifffS_ ] gputime=[ 82381.312 ] cputime=[ 2.000 ] occupancy=[ 0.333 ] 
method=[ _Z20inject_source_kernelPffi ] gputime=[ 1.600 ] cputime=[ 2.000 ] occupancy=[ 0.167 ] 
method=[ _Z11fd3d_kernelPfS_iiifffS_ ] gputime=[ 82688.867 ] cputime=[ 3.000 ] occupancy=[ 0.333 ] 
method=[ _Z20inject_source_kernelPffi ] gputime=[ 1.600 ] cputime=[ 3.000 ] occupancy=[ 0.167 ] 
method=[ _Z11fd3d_kernelPfS_iiifffS_ ] gputime=[ 82824.320 ] cputime=[ 3.000 ] occupancy=[ 0.333 ] 
method=[ _Z20inject_source_kernelPffi ] gputime=[ 1.600 ] cputime=[ 3.000 ] occupancy=[ 0.167 ] 
method=[ _Z11fd3d_kernelPfS_iiifffS_ ] gputime=[ 82375.906 ] cputime=[ 3.000 ] occupancy=[ 0.333 ] 
method=[ _Z20inject_source_kernelPffi ] gputime=[ 1.600 ] cputime=[ 3.000 ] occupancy=[ 0.167 ] 
method=[ _Z11fd3d_kernelPfS_iiifffS_ ] gputime=[ 82861.633 ] cputime=[ 3.000 ] occupancy=[ 0.333 ] 
method=[ memcpyDtoH ] gputime=[ 139776.609 ] cputime=[ 140006.000 ] 
